mode: set
rpc-books/internal/env/load.go:9.32,11.16 2 1
rpc-books/internal/env/load.go:11.16,12.13 1 1
rpc-books/internal/env/load.go:14.2,15.29 2 1
rpc-books/internal/env/load.go:15.29,19.3 2 1
rpc-books/internal/service/excel/excel.go:21.75,23.2 1 1
rpc-books/internal/service/excel/excel.go:25.63,26.24 1 1
rpc-books/internal/service/excel/excel.go:26.24,28.17 2 1
rpc-books/internal/service/excel/excel.go:28.17,30.4 1 1
rpc-books/internal/service/excel/excel.go:31.3,33.17 3 1
rpc-books/internal/service/excel/excel.go:33.17,35.4 1 0
rpc-books/internal/service/excel/excel.go:36.3,37.20 2 1
rpc-books/internal/service/excel/excel.go:39.2,39.22 1 0
rpc-books/internal/service/excel/excel.go:42.88,45.31 3 1
rpc-books/internal/service/excel/excel.go:45.31,47.29 2 1
rpc-books/internal/service/excel/excel.go:47.29,51.23 4 1
rpc-books/internal/service/excel/excel.go:51.23,53.5 1 1
rpc-books/internal/service/excel/excel.go:54.4,54.16 1 1
rpc-books/internal/service/excel/excel.go:56.3,56.28 1 1
rpc-books/internal/service/excel/excel.go:58.2,59.14 2 1
rpc-books/internal/service/excel/excel.go:63.80,65.16 2 1
rpc-books/internal/service/excel/excel.go:65.16,68.3 2 0
rpc-books/internal/service/excel/excel.go:69.2,69.8 1 1
rpc-books/internal/service/excel/excel.go:69.8,71.3 1 1
rpc-books/internal/service/excel/excel.go:72.2,72.11 1 1
